{"name":"hexo","hostname":"LYDdeMacBook-Pro.local","pid":651,"level":20,"msg":"Hexo version: \u001b[35m3.1.1\u001b[39m","time":"2016-01-01T03:47:29.820Z","v":0}
{"name":"hexo","hostname":"LYDdeMacBook-Pro.local","pid":651,"level":20,"msg":"Working directory: \u001b[35m~/LocalServer/Hexo_blog/\u001b[39m","time":"2016-01-01T03:47:29.824Z","v":0}
{"name":"hexo","hostname":"LYDdeMacBook-Pro.local","pid":651,"level":20,"msg":"Config loaded: \u001b[35m~/LocalServer/Hexo_blog/_config.yml\u001b[39m","time":"2016-01-01T03:47:29.913Z","v":0}
{"name":"hexo","hostname":"LYDdeMacBook-Pro.local","pid":651,"level":20,"msg":"Plugin loaded: \u001b[35mhexo-generator-archive\u001b[39m","time":"2016-01-01T03:47:29.930Z","v":0}
{"name":"hexo","hostname":"LYDdeMacBook-Pro.local","pid":651,"level":20,"msg":"Plugin loaded: \u001b[35mhexo-deployer-git\u001b[39m","time":"2016-01-01T03:47:30.109Z","v":0}
{"name":"hexo","hostname":"LYDdeMacBook-Pro.local","pid":651,"level":20,"msg":"Plugin loaded: \u001b[35mhexo-generator-category\u001b[39m","time":"2016-01-01T03:47:30.111Z","v":0}
{"name":"hexo","hostname":"LYDdeMacBook-Pro.local","pid":651,"level":20,"msg":"Plugin loaded: \u001b[35mhexo-generator-index\u001b[39m","time":"2016-01-01T03:47:30.113Z","v":0}
{"name":"hexo","hostname":"LYDdeMacBook-Pro.local","pid":651,"level":20,"msg":"Plugin loaded: \u001b[35mhexo-generator-tag\u001b[39m","time":"2016-01-01T03:47:30.115Z","v":0}
{"name":"hexo","hostname":"LYDdeMacBook-Pro.local","pid":651,"level":20,"msg":"Plugin loaded: \u001b[35mhexo-renderer-marked\u001b[39m","time":"2016-01-01T03:47:30.182Z","v":0}
{"name":"hexo","hostname":"LYDdeMacBook-Pro.local","pid":651,"level":20,"msg":"Plugin loaded: \u001b[35mhexo-renderer-ejs\u001b[39m","time":"2016-01-01T03:47:30.185Z","v":0}
{"name":"hexo","hostname":"LYDdeMacBook-Pro.local","pid":651,"level":20,"msg":"Plugin loaded: \u001b[35mhexo-renderer-stylus\u001b[39m","time":"2016-01-01T03:47:30.302Z","v":0}
{"name":"hexo","hostname":"LYDdeMacBook-Pro.local","pid":651,"level":20,"msg":"Plugin loaded: \u001b[35mhexo-server\u001b[39m","time":"2016-01-01T03:47:30.398Z","v":0}
{"name":"hexo","hostname":"LYDdeMacBook-Pro.local","pid":651,"level":20,"msg":"Script loaded: \u001b[35mthemes/next/scripts/merge-configs.js\u001b[39m","time":"2016-01-01T03:47:30.400Z","v":0}
{"name":"hexo","hostname":"LYDdeMacBook-Pro.local","pid":651,"level":20,"msg":"Script loaded: \u001b[35mthemes/next/scripts/filters/sticky.js\u001b[39m","time":"2016-01-01T03:47:30.401Z","v":0}
{"name":"hexo","hostname":"LYDdeMacBook-Pro.local","pid":651,"level":20,"msg":"Script loaded: \u001b[35mthemes/next/scripts/tags/center-quote.js\u001b[39m","time":"2016-01-01T03:47:30.401Z","v":0}
{"name":"hexo","hostname":"LYDdeMacBook-Pro.local","pid":651,"level":20,"msg":"Script loaded: \u001b[35mthemes/next/scripts/tags/full-image.js\u001b[39m","time":"2016-01-01T03:47:30.401Z","v":0}
{"name":"hexo","hostname":"LYDdeMacBook-Pro.local","pid":651,"level":20,"msg":"Script loaded: \u001b[35mthemes/next/scripts/tags/group-pictures.js\u001b[39m","time":"2016-01-01T03:47:30.402Z","v":0}
{"name":"hexo","hostname":"LYDdeMacBook-Pro.local","pid":651,"level":20,"msg":"Loading database.","time":"2016-01-01T03:47:30.413Z","v":0}
{"name":"hexo","hostname":"LYDdeMacBook-Pro.local","pid":651,"level":20,"msg":"Unchanged: \u001b[35msource/_posts/hello-world.md\u001b[39m","time":"2016-01-01T03:47:30.493Z","v":0}
{"name":"hexo","hostname":"LYDdeMacBook-Pro.local","pid":651,"level":20,"msg":"Unchanged: \u001b[35msource/_posts/义德的第一个页面.md\u001b[39m","time":"2016-01-01T03:47:30.493Z","v":0}
{"name":"hexo","hostname":"LYDdeMacBook-Pro.local","pid":651,"level":20,"msg":"Processed: \u001b[35m_posts/hello-world.md\u001b[39m","time":"2016-01-01T03:47:30.504Z","v":0}
{"name":"hexo","hostname":"LYDdeMacBook-Pro.local","pid":651,"level":20,"msg":"Processed: \u001b[35m_posts/义德的第一个页面.md\u001b[39m","time":"2016-01-01T03:47:30.505Z","v":0}
{"name":"hexo","hostname":"LYDdeMacBook-Pro.local","pid":651,"level":20,"msg":"Unchanged: \u001b[35mthemes/next/source/css/_common/_page/home.styl\u001b[39m","time":"2016-01-01T03:47:30.584Z","v":0}
{"name":"hexo","hostname":"LYDdeMacBook-Pro.local","pid":651,"level":20,"msg":"Unchanged: \u001b[35mthemes/next/source/css/_mixins/Mist.styl\u001b[39m","time":"2016-01-01T03:47:30.584Z","v":0}
{"name":"hexo","hostname":"LYDdeMacBook-Pro.local","pid":651,"level":20,"msg":"Unchanged: \u001b[35mthemes/next/source/css/_mixins/custom.styl\u001b[39m","time":"2016-01-01T03:47:30.584Z","v":0}
{"name":"hexo","hostname":"LYDdeMacBook-Pro.local","pid":651,"level":20,"msg":"Unchanged: \u001b[35mthemes/next/source/css/_mixins/default.styl\u001b[39m","time":"2016-01-01T03:47:30.585Z","v":0}
{"name":"hexo","hostname":"LYDdeMacBook-Pro.local","pid":651,"level":20,"msg":"Unchanged: \u001b[35mthemes/next/source/css/_variables/custom.styl\u001b[39m","time":"2016-01-01T03:47:30.585Z","v":0}
{"name":"hexo","hostname":"LYDdeMacBook-Pro.local","pid":651,"level":20,"msg":"Unchanged: \u001b[35mthemes/next/README.en.md\u001b[39m","time":"2016-01-01T03:47:30.596Z","v":0}
{"name":"hexo","hostname":"LYDdeMacBook-Pro.local","pid":651,"level":20,"msg":"Unchanged: \u001b[35mthemes/next/README.md\u001b[39m","time":"2016-01-01T03:47:30.596Z","v":0}
{"name":"hexo","hostname":"LYDdeMacBook-Pro.local","pid":651,"level":20,"msg":"Unchanged: \u001b[35mthemes/next/_config.yml\u001b[39m","time":"2016-01-01T03:47:30.596Z","v":0}
{"name":"hexo","hostname":"LYDdeMacBook-Pro.local","pid":651,"level":20,"msg":"Unchanged: \u001b[35mthemes/next/bower.json\u001b[39m","time":"2016-01-01T03:47:30.597Z","v":0}
{"name":"hexo","hostname":"LYDdeMacBook-Pro.local","pid":651,"level":20,"msg":"Unchanged: \u001b[35mthemes/next/languages/de.yml\u001b[39m","time":"2016-01-01T03:47:30.597Z","v":0}
{"name":"hexo","hostname":"LYDdeMacBook-Pro.local","pid":651,"level":20,"msg":"Unchanged: \u001b[35mthemes/next/languages/default.yml\u001b[39m","time":"2016-01-01T03:47:30.597Z","v":0}
{"name":"hexo","hostname":"LYDdeMacBook-Pro.local","pid":651,"level":20,"msg":"Unchanged: \u001b[35mthemes/next/languages/en.yml\u001b[39m","time":"2016-01-01T03:47:30.598Z","v":0}
{"name":"hexo","hostname":"LYDdeMacBook-Pro.local","pid":651,"level":20,"msg":"Unchanged: \u001b[35mthemes/next/languages/fr-FR.yml\u001b[39m","time":"2016-01-01T03:47:30.599Z","v":0}
{"name":"hexo","hostname":"LYDdeMacBook-Pro.local","pid":651,"level":20,"msg":"Unchanged: \u001b[35mthemes/next/languages/pt.yml\u001b[39m","time":"2016-01-01T03:47:30.600Z","v":0}
{"name":"hexo","hostname":"LYDdeMacBook-Pro.local","pid":651,"level":20,"msg":"Unchanged: \u001b[35mthemes/next/languages/ru.yml\u001b[39m","time":"2016-01-01T03:47:30.600Z","v":0}
{"name":"hexo","hostname":"LYDdeMacBook-Pro.local","pid":651,"level":20,"msg":"Unchanged: \u001b[35mthemes/next/languages/zh-Hans.yml\u001b[39m","time":"2016-01-01T03:47:30.600Z","v":0}
{"name":"hexo","hostname":"LYDdeMacBook-Pro.local","pid":651,"level":20,"msg":"Unchanged: \u001b[35mthemes/next/languages/zh-hk.yml\u001b[39m","time":"2016-01-01T03:47:30.600Z","v":0}
{"name":"hexo","hostname":"LYDdeMacBook-Pro.local","pid":651,"level":20,"msg":"Unchanged: \u001b[35mthemes/next/languages/zh-tw.yml\u001b[39m","time":"2016-01-01T03:47:30.600Z","v":0}
{"name":"hexo","hostname":"LYDdeMacBook-Pro.local","pid":651,"level":20,"msg":"Unchanged: \u001b[35mthemes/next/layout/_layout.swig\u001b[39m","time":"2016-01-01T03:47:30.601Z","v":0}
{"name":"hexo","hostname":"LYDdeMacBook-Pro.local","pid":651,"level":20,"msg":"Unchanged: \u001b[35mthemes/next/layout/_macro/post-collapse.swig\u001b[39m","time":"2016-01-01T03:47:30.601Z","v":0}
{"name":"hexo","hostname":"LYDdeMacBook-Pro.local","pid":651,"level":20,"msg":"Unchanged: \u001b[35mthemes/next/layout/_macro/post.swig\u001b[39m","time":"2016-01-01T03:47:30.601Z","v":0}
{"name":"hexo","hostname":"LYDdeMacBook-Pro.local","pid":651,"level":20,"msg":"Unchanged: \u001b[35mthemes/next/layout/_macro/sidebar.swig\u001b[39m","time":"2016-01-01T03:47:30.602Z","v":0}
{"name":"hexo","hostname":"LYDdeMacBook-Pro.local","pid":651,"level":20,"msg":"Unchanged: \u001b[35mthemes/next/layout/_partials/comments.swig\u001b[39m","time":"2016-01-01T03:47:30.602Z","v":0}
{"name":"hexo","hostname":"LYDdeMacBook-Pro.local","pid":651,"level":20,"msg":"Unchanged: \u001b[35mthemes/next/layout/_partials/duoshuo-hot-articles.swig\u001b[39m","time":"2016-01-01T03:47:30.603Z","v":0}
{"name":"hexo","hostname":"LYDdeMacBook-Pro.local","pid":651,"level":20,"msg":"Unchanged: \u001b[35mthemes/next/layout/_partials/footer.swig\u001b[39m","time":"2016-01-01T03:47:30.603Z","v":0}
{"name":"hexo","hostname":"LYDdeMacBook-Pro.local","pid":651,"level":20,"msg":"Unchanged: \u001b[35mthemes/next/layout/_partials/head.swig\u001b[39m","time":"2016-01-01T03:47:30.603Z","v":0}
{"name":"hexo","hostname":"LYDdeMacBook-Pro.local","pid":651,"level":20,"msg":"Unchanged: \u001b[35mthemes/next/layout/_partials/header.swig\u001b[39m","time":"2016-01-01T03:47:30.603Z","v":0}
{"name":"hexo","hostname":"LYDdeMacBook-Pro.local","pid":651,"level":20,"msg":"Unchanged: \u001b[35mthemes/next/layout/_partials/old-browsers.swig\u001b[39m","time":"2016-01-01T03:47:30.603Z","v":0}
{"name":"hexo","hostname":"LYDdeMacBook-Pro.local","pid":651,"level":20,"msg":"Unchanged: \u001b[35mthemes/next/layout/_partials/pagination.swig\u001b[39m","time":"2016-01-01T03:47:30.604Z","v":0}
{"name":"hexo","hostname":"LYDdeMacBook-Pro.local","pid":651,"level":20,"msg":"Unchanged: \u001b[35mthemes/next/layout/_partials/search/swiftype.swig\u001b[39m","time":"2016-01-01T03:47:30.604Z","v":0}
{"name":"hexo","hostname":"LYDdeMacBook-Pro.local","pid":651,"level":20,"msg":"Unchanged: \u001b[35mthemes/next/layout/_partials/search/tinysou.swig\u001b[39m","time":"2016-01-01T03:47:30.604Z","v":0}
{"name":"hexo","hostname":"LYDdeMacBook-Pro.local","pid":651,"level":20,"msg":"Unchanged: \u001b[35mthemes/next/layout/_partials/share/duoshuo_share.swig\u001b[39m","time":"2016-01-01T03:47:30.604Z","v":0}
{"name":"hexo","hostname":"LYDdeMacBook-Pro.local","pid":651,"level":20,"msg":"Unchanged: \u001b[35mthemes/next/layout/_partials/search.swig\u001b[39m","time":"2016-01-01T03:47:30.604Z","v":0}
{"name":"hexo","hostname":"LYDdeMacBook-Pro.local","pid":651,"level":20,"msg":"Unchanged: \u001b[35mthemes/next/layout/_partials/share/jiathis.swig\u001b[39m","time":"2016-01-01T03:47:30.604Z","v":0}
{"name":"hexo","hostname":"LYDdeMacBook-Pro.local","pid":651,"level":20,"msg":"Unchanged: \u001b[35mthemes/next/layout/_scripts/analytics/baidu-analytics.swig\u001b[39m","time":"2016-01-01T03:47:30.605Z","v":0}
{"name":"hexo","hostname":"LYDdeMacBook-Pro.local","pid":651,"level":20,"msg":"Unchanged: \u001b[35mthemes/next/layout/_scripts/analytics/facebook-sdk.swig\u001b[39m","time":"2016-01-01T03:47:30.605Z","v":0}
{"name":"hexo","hostname":"LYDdeMacBook-Pro.local","pid":651,"level":20,"msg":"Unchanged: \u001b[35mthemes/next/layout/_scripts/analytics.swig\u001b[39m","time":"2016-01-01T03:47:30.605Z","v":0}
{"name":"hexo","hostname":"LYDdeMacBook-Pro.local","pid":651,"level":20,"msg":"Unchanged: \u001b[35mthemes/next/layout/_scripts/analytics/google-analytics.swig\u001b[39m","time":"2016-01-01T03:47:30.605Z","v":0}
{"name":"hexo","hostname":"LYDdeMacBook-Pro.local","pid":651,"level":20,"msg":"Unchanged: \u001b[35mthemes/next/layout/_scripts/baidushare.swig\u001b[39m","time":"2016-01-01T03:47:30.605Z","v":0}
{"name":"hexo","hostname":"LYDdeMacBook-Pro.local","pid":651,"level":20,"msg":"Unchanged: \u001b[35mthemes/next/layout/_scripts/bootstrap.scrollspy.swig\u001b[39m","time":"2016-01-01T03:47:30.605Z","v":0}
{"name":"hexo","hostname":"LYDdeMacBook-Pro.local","pid":651,"level":20,"msg":"Unchanged: \u001b[35mthemes/next/layout/_scripts/comments/disqus.swig\u001b[39m","time":"2016-01-01T03:47:30.605Z","v":0}
{"name":"hexo","hostname":"LYDdeMacBook-Pro.local","pid":651,"level":20,"msg":"Unchanged: \u001b[35mthemes/next/layout/_scripts/comments/duoshuo.swig\u001b[39m","time":"2016-01-01T03:47:30.606Z","v":0}
{"name":"hexo","hostname":"LYDdeMacBook-Pro.local","pid":651,"level":20,"msg":"Unchanged: \u001b[35mthemes/next/layout/_scripts/fancy-box.swig\u001b[39m","time":"2016-01-01T03:47:30.606Z","v":0}
{"name":"hexo","hostname":"LYDdeMacBook-Pro.local","pid":651,"level":20,"msg":"Unchanged: \u001b[35mthemes/next/layout/_scripts/helpers.swig\u001b[39m","time":"2016-01-01T03:47:30.606Z","v":0}
{"name":"hexo","hostname":"LYDdeMacBook-Pro.local","pid":651,"level":20,"msg":"Unchanged: \u001b[35mthemes/next/layout/_scripts/mathjax.swig\u001b[39m","time":"2016-01-01T03:47:30.606Z","v":0}
{"name":"hexo","hostname":"LYDdeMacBook-Pro.local","pid":651,"level":20,"msg":"Unchanged: \u001b[35mthemes/next/layout/_scripts/motion.swig\u001b[39m","time":"2016-01-01T03:47:30.606Z","v":0}
{"name":"hexo","hostname":"LYDdeMacBook-Pro.local","pid":651,"level":20,"msg":"Unchanged: \u001b[35mthemes/next/layout/_scripts/pages/post-details.swig\u001b[39m","time":"2016-01-01T03:47:30.606Z","v":0}
{"name":"hexo","hostname":"LYDdeMacBook-Pro.local","pid":651,"level":20,"msg":"Unchanged: \u001b[35mthemes/next/layout/_scripts/tinysou.swig\u001b[39m","time":"2016-01-01T03:47:30.606Z","v":0}
{"name":"hexo","hostname":"LYDdeMacBook-Pro.local","pid":651,"level":20,"msg":"Unchanged: \u001b[35mthemes/next/layout/archive.swig\u001b[39m","time":"2016-01-01T03:47:30.606Z","v":0}
{"name":"hexo","hostname":"LYDdeMacBook-Pro.local","pid":651,"level":20,"msg":"Unchanged: \u001b[35mthemes/next/layout/category.swig\u001b[39m","time":"2016-01-01T03:47:30.606Z","v":0}
{"name":"hexo","hostname":"LYDdeMacBook-Pro.local","pid":651,"level":20,"msg":"Unchanged: \u001b[35mthemes/next/layout/index.swig\u001b[39m","time":"2016-01-01T03:47:30.606Z","v":0}
{"name":"hexo","hostname":"LYDdeMacBook-Pro.local","pid":651,"level":20,"msg":"Unchanged: \u001b[35mthemes/next/layout/page.swig\u001b[39m","time":"2016-01-01T03:47:30.607Z","v":0}
{"name":"hexo","hostname":"LYDdeMacBook-Pro.local","pid":651,"level":20,"msg":"Unchanged: \u001b[35mthemes/next/layout/post.swig\u001b[39m","time":"2016-01-01T03:47:30.607Z","v":0}
{"name":"hexo","hostname":"LYDdeMacBook-Pro.local","pid":651,"level":20,"msg":"Unchanged: \u001b[35mthemes/next/layout/tag.swig\u001b[39m","time":"2016-01-01T03:47:30.607Z","v":0}
{"name":"hexo","hostname":"LYDdeMacBook-Pro.local","pid":651,"level":20,"msg":"Unchanged: \u001b[35mthemes/next/scripts/filters/sticky.js\u001b[39m","time":"2016-01-01T03:47:30.607Z","v":0}
{"name":"hexo","hostname":"LYDdeMacBook-Pro.local","pid":651,"level":20,"msg":"Unchanged: \u001b[35mthemes/next/scripts/merge-configs.js\u001b[39m","time":"2016-01-01T03:47:30.607Z","v":0}
{"name":"hexo","hostname":"LYDdeMacBook-Pro.local","pid":651,"level":20,"msg":"Unchanged: \u001b[35mthemes/next/scripts/tags/center-quote.js\u001b[39m","time":"2016-01-01T03:47:30.607Z","v":0}
{"name":"hexo","hostname":"LYDdeMacBook-Pro.local","pid":651,"level":20,"msg":"Unchanged: \u001b[35mthemes/next/scripts/tags/full-image.js\u001b[39m","time":"2016-01-01T03:47:30.607Z","v":0}
{"name":"hexo","hostname":"LYDdeMacBook-Pro.local","pid":651,"level":20,"msg":"Unchanged: \u001b[35mthemes/next/scripts/tags/group-pictures.js\u001b[39m","time":"2016-01-01T03:47:30.609Z","v":0}
{"name":"hexo","hostname":"LYDdeMacBook-Pro.local","pid":651,"level":20,"msg":"Unchanged: \u001b[35mthemes/next/source/css/_common/_component/back-to-top.styl\u001b[39m","time":"2016-01-01T03:47:30.610Z","v":0}
{"name":"hexo","hostname":"LYDdeMacBook-Pro.local","pid":651,"level":20,"msg":"Unchanged: \u001b[35mthemes/next/source/css/_common/_component/blockquote-center.styl\u001b[39m","time":"2016-01-01T03:47:30.610Z","v":0}
{"name":"hexo","hostname":"LYDdeMacBook-Pro.local","pid":651,"level":20,"msg":"Unchanged: \u001b[35mthemes/next/source/css/_common/_component/buttons.styl\u001b[39m","time":"2016-01-01T03:47:30.611Z","v":0}
{"name":"hexo","hostname":"LYDdeMacBook-Pro.local","pid":651,"level":20,"msg":"Unchanged: \u001b[35mthemes/next/source/css/_common/_component/comments.styl\u001b[39m","time":"2016-01-01T03:47:30.611Z","v":0}
{"name":"hexo","hostname":"LYDdeMacBook-Pro.local","pid":651,"level":20,"msg":"Unchanged: \u001b[35mthemes/next/source/css/_common/_component/duoshuo.styl\u001b[39m","time":"2016-01-01T03:47:30.612Z","v":0}
{"name":"hexo","hostname":"LYDdeMacBook-Pro.local","pid":651,"level":20,"msg":"Unchanged: \u001b[35mthemes/next/source/css/_common/_component/gallery.styl\u001b[39m","time":"2016-01-01T03:47:30.612Z","v":0}
{"name":"hexo","hostname":"LYDdeMacBook-Pro.local","pid":651,"level":20,"msg":"Unchanged: \u001b[35mthemes/next/source/css/_common/_component/group-pictures.styl\u001b[39m","time":"2016-01-01T03:47:30.613Z","v":0}
{"name":"hexo","hostname":"LYDdeMacBook-Pro.local","pid":651,"level":20,"msg":"Unchanged: \u001b[35mthemes/next/source/css/_common/_component/jiathis.styl\u001b[39m","time":"2016-01-01T03:47:30.613Z","v":0}
{"name":"hexo","hostname":"LYDdeMacBook-Pro.local","pid":651,"level":20,"msg":"Unchanged: \u001b[35mthemes/next/source/css/_common/_component/pagination.styl\u001b[39m","time":"2016-01-01T03:47:30.613Z","v":0}
{"name":"hexo","hostname":"LYDdeMacBook-Pro.local","pid":651,"level":20,"msg":"Unchanged: \u001b[35mthemes/next/source/css/_common/_component/posts-collapse.styl\u001b[39m","time":"2016-01-01T03:47:30.613Z","v":0}
{"name":"hexo","hostname":"LYDdeMacBook-Pro.local","pid":651,"level":20,"msg":"Unchanged: \u001b[35mthemes/next/source/css/_common/_component/posts-expand.styl\u001b[39m","time":"2016-01-01T03:47:30.613Z","v":0}
{"name":"hexo","hostname":"LYDdeMacBook-Pro.local","pid":651,"level":20,"msg":"Unchanged: \u001b[35mthemes/next/source/css/_common/_component/posts-type.styl\u001b[39m","time":"2016-01-01T03:47:30.613Z","v":0}
{"name":"hexo","hostname":"LYDdeMacBook-Pro.local","pid":651,"level":20,"msg":"Unchanged: \u001b[35mthemes/next/source/css/_common/_component/posts.styl\u001b[39m","time":"2016-01-01T03:47:30.613Z","v":0}
{"name":"hexo","hostname":"LYDdeMacBook-Pro.local","pid":651,"level":20,"msg":"Unchanged: \u001b[35mthemes/next/source/css/_common/_component/tag-cloud.styl\u001b[39m","time":"2016-01-01T03:47:30.613Z","v":0}
{"name":"hexo","hostname":"LYDdeMacBook-Pro.local","pid":651,"level":20,"msg":"Unchanged: \u001b[35mthemes/next/source/css/_common/_core/base.styl\u001b[39m","time":"2016-01-01T03:47:30.614Z","v":0}
{"name":"hexo","hostname":"LYDdeMacBook-Pro.local","pid":651,"level":20,"msg":"Unchanged: \u001b[35mthemes/next/source/css/_common/_core/helpers.styl\u001b[39m","time":"2016-01-01T03:47:30.614Z","v":0}
{"name":"hexo","hostname":"LYDdeMacBook-Pro.local","pid":651,"level":20,"msg":"Unchanged: \u001b[35mthemes/next/source/css/_common/_core/normalize.styl\u001b[39m","time":"2016-01-01T03:47:30.614Z","v":0}
{"name":"hexo","hostname":"LYDdeMacBook-Pro.local","pid":651,"level":20,"msg":"Unchanged: \u001b[35mthemes/next/source/css/_common/_core/scaffolding.styl\u001b[39m","time":"2016-01-01T03:47:30.614Z","v":0}
{"name":"hexo","hostname":"LYDdeMacBook-Pro.local","pid":651,"level":20,"msg":"Unchanged: \u001b[35mthemes/next/source/css/_common/_core/tables.styl\u001b[39m","time":"2016-01-01T03:47:30.614Z","v":0}
{"name":"hexo","hostname":"LYDdeMacBook-Pro.local","pid":651,"level":20,"msg":"Unchanged: \u001b[35mthemes/next/source/css/_common/_fonts/icon-default.styl\u001b[39m","time":"2016-01-01T03:47:30.614Z","v":0}
{"name":"hexo","hostname":"LYDdeMacBook-Pro.local","pid":651,"level":20,"msg":"Unchanged: \u001b[35mthemes/next/source/css/_common/_fonts/icon-feather.styl\u001b[39m","time":"2016-01-01T03:47:30.614Z","v":0}
{"name":"hexo","hostname":"LYDdeMacBook-Pro.local","pid":651,"level":20,"msg":"Unchanged: \u001b[35mthemes/next/source/css/_common/_fonts/icon-fifty-shades.styl\u001b[39m","time":"2016-01-01T03:47:30.614Z","v":0}
{"name":"hexo","hostname":"LYDdeMacBook-Pro.local","pid":651,"level":20,"msg":"Unchanged: \u001b[35mthemes/next/source/css/_common/_fonts/icon-font.styl\u001b[39m","time":"2016-01-01T03:47:30.615Z","v":0}
{"name":"hexo","hostname":"LYDdeMacBook-Pro.local","pid":651,"level":20,"msg":"Unchanged: \u001b[35mthemes/next/source/css/_common/_fonts/icon-linecons.styl\u001b[39m","time":"2016-01-01T03:47:30.615Z","v":0}
{"name":"hexo","hostname":"LYDdeMacBook-Pro.local","pid":651,"level":20,"msg":"Unchanged: \u001b[35mthemes/next/source/css/_common/_page/archive.styl\u001b[39m","time":"2016-01-01T03:47:30.615Z","v":0}
{"name":"hexo","hostname":"LYDdeMacBook-Pro.local","pid":651,"level":20,"msg":"Unchanged: \u001b[35mthemes/next/source/css/_common/_page/categories.styl\u001b[39m","time":"2016-01-01T03:47:30.615Z","v":0}
{"name":"hexo","hostname":"LYDdeMacBook-Pro.local","pid":651,"level":20,"msg":"Unchanged: \u001b[35mthemes/next/source/css/_common/_page/post-detail.styl\u001b[39m","time":"2016-01-01T03:47:30.615Z","v":0}
{"name":"hexo","hostname":"LYDdeMacBook-Pro.local","pid":651,"level":20,"msg":"Unchanged: \u001b[35mthemes/next/source/css/_common/_section/body.styl\u001b[39m","time":"2016-01-01T03:47:30.615Z","v":0}
{"name":"hexo","hostname":"LYDdeMacBook-Pro.local","pid":651,"level":20,"msg":"Unchanged: \u001b[35mthemes/next/source/css/_common/_section/footer.styl\u001b[39m","time":"2016-01-01T03:47:30.615Z","v":0}
{"name":"hexo","hostname":"LYDdeMacBook-Pro.local","pid":651,"level":20,"msg":"Unchanged: \u001b[35mthemes/next/source/css/_common/_section/header.styl\u001b[39m","time":"2016-01-01T03:47:30.615Z","v":0}
{"name":"hexo","hostname":"LYDdeMacBook-Pro.local","pid":651,"level":20,"msg":"Unchanged: \u001b[35mthemes/next/source/css/_common/_section/layout.styl\u001b[39m","time":"2016-01-01T03:47:30.615Z","v":0}
{"name":"hexo","hostname":"LYDdeMacBook-Pro.local","pid":651,"level":20,"msg":"Unchanged: \u001b[35mthemes/next/source/css/_common/_section/media.styl\u001b[39m","time":"2016-01-01T03:47:30.615Z","v":0}
{"name":"hexo","hostname":"LYDdeMacBook-Pro.local","pid":651,"level":20,"msg":"Unchanged: \u001b[35mthemes/next/source/css/_common/_vendor/highlight/highlight.styl\u001b[39m","time":"2016-01-01T03:47:30.615Z","v":0}
{"name":"hexo","hostname":"LYDdeMacBook-Pro.local","pid":651,"level":20,"msg":"Unchanged: \u001b[35mthemes/next/source/css/_common/_section/sidebar.styl\u001b[39m","time":"2016-01-01T03:47:30.616Z","v":0}
{"name":"hexo","hostname":"LYDdeMacBook-Pro.local","pid":651,"level":20,"msg":"Unchanged: \u001b[35mthemes/next/source/css/_common/_vendor/highlight/theme.styl\u001b[39m","time":"2016-01-01T03:47:30.616Z","v":0}
{"name":"hexo","hostname":"LYDdeMacBook-Pro.local","pid":651,"level":20,"msg":"Unchanged: \u001b[35mthemes/next/source/css/_custom/custom.styl\u001b[39m","time":"2016-01-01T03:47:30.616Z","v":0}
{"name":"hexo","hostname":"LYDdeMacBook-Pro.local","pid":651,"level":20,"msg":"Unchanged: \u001b[35mthemes/next/source/css/_mixins/base.styl\u001b[39m","time":"2016-01-01T03:47:30.616Z","v":0}
{"name":"hexo","hostname":"LYDdeMacBook-Pro.local","pid":651,"level":20,"msg":"Unchanged: \u001b[35mthemes/next/source/css/_schemes/Mist/_base.styl\u001b[39m","time":"2016-01-01T03:47:30.616Z","v":0}
{"name":"hexo","hostname":"LYDdeMacBook-Pro.local","pid":651,"level":20,"msg":"Unchanged: \u001b[35mthemes/next/source/css/_schemes/Mist/_header.styl\u001b[39m","time":"2016-01-01T03:47:30.616Z","v":0}
{"name":"hexo","hostname":"LYDdeMacBook-Pro.local","pid":651,"level":20,"msg":"Unchanged: \u001b[35mthemes/next/source/css/_schemes/Mist/_logo.styl\u001b[39m","time":"2016-01-01T03:47:30.617Z","v":0}
{"name":"hexo","hostname":"LYDdeMacBook-Pro.local","pid":651,"level":20,"msg":"Unchanged: \u001b[35mthemes/next/source/css/_schemes/Mist/_menu.styl\u001b[39m","time":"2016-01-01T03:47:30.617Z","v":0}
{"name":"hexo","hostname":"LYDdeMacBook-Pro.local","pid":651,"level":20,"msg":"Unchanged: \u001b[35mthemes/next/source/css/_schemes/Mist/_posts-expanded.styl\u001b[39m","time":"2016-01-01T03:47:30.617Z","v":0}
{"name":"hexo","hostname":"LYDdeMacBook-Pro.local","pid":651,"level":20,"msg":"Unchanged: \u001b[35mthemes/next/source/css/_schemes/Mist/index.styl\u001b[39m","time":"2016-01-01T03:47:30.617Z","v":0}
{"name":"hexo","hostname":"LYDdeMacBook-Pro.local","pid":651,"level":20,"msg":"Unchanged: \u001b[35mthemes/next/source/css/_schemes/default/_logo.styl\u001b[39m","time":"2016-01-01T03:47:30.620Z","v":0}
{"name":"hexo","hostname":"LYDdeMacBook-Pro.local","pid":651,"level":20,"msg":"Unchanged: \u001b[35mthemes/next/source/css/_schemes/default/_menu.styl\u001b[39m","time":"2016-01-01T03:47:30.621Z","v":0}
{"name":"hexo","hostname":"LYDdeMacBook-Pro.local","pid":651,"level":20,"msg":"Unchanged: \u001b[35mthemes/next/source/css/_schemes/default/_search.styl\u001b[39m","time":"2016-01-01T03:47:30.621Z","v":0}
{"name":"hexo","hostname":"LYDdeMacBook-Pro.local","pid":651,"level":20,"msg":"Unchanged: \u001b[35mthemes/next/source/css/_schemes/default/index.styl\u001b[39m","time":"2016-01-01T03:47:30.621Z","v":0}
{"name":"hexo","hostname":"LYDdeMacBook-Pro.local","pid":651,"level":20,"msg":"Unchanged: \u001b[35mthemes/next/source/css/_variables/Mist.styl\u001b[39m","time":"2016-01-01T03:47:30.622Z","v":0}
{"name":"hexo","hostname":"LYDdeMacBook-Pro.local","pid":651,"level":20,"msg":"Unchanged: \u001b[35mthemes/next/source/css/_variables/base.styl\u001b[39m","time":"2016-01-01T03:47:30.622Z","v":0}
{"name":"hexo","hostname":"LYDdeMacBook-Pro.local","pid":651,"level":20,"msg":"Unchanged: \u001b[35mthemes/next/source/css/_variables/default.styl\u001b[39m","time":"2016-01-01T03:47:30.622Z","v":0}
{"name":"hexo","hostname":"LYDdeMacBook-Pro.local","pid":651,"level":20,"msg":"Unchanged: \u001b[35mthemes/next/source/css/main.styl\u001b[39m","time":"2016-01-01T03:47:30.622Z","v":0}
{"name":"hexo","hostname":"LYDdeMacBook-Pro.local","pid":651,"level":20,"msg":"Unchanged: \u001b[35mthemes/next/source/images/cc-by-nc-nd.svg\u001b[39m","time":"2016-01-01T03:47:30.624Z","v":0}
{"name":"hexo","hostname":"LYDdeMacBook-Pro.local","pid":651,"level":20,"msg":"Unchanged: \u001b[35mthemes/next/source/images/cc-by-nc-sa.svg\u001b[39m","time":"2016-01-01T03:47:30.625Z","v":0}
{"name":"hexo","hostname":"LYDdeMacBook-Pro.local","pid":651,"level":20,"msg":"Unchanged: \u001b[35mthemes/next/source/images/cc-by-nc.svg\u001b[39m","time":"2016-01-01T03:47:30.625Z","v":0}
{"name":"hexo","hostname":"LYDdeMacBook-Pro.local","pid":651,"level":20,"msg":"Unchanged: \u001b[35mthemes/next/source/images/cc-by-nd.svg\u001b[39m","time":"2016-01-01T03:47:30.625Z","v":0}
{"name":"hexo","hostname":"LYDdeMacBook-Pro.local","pid":651,"level":20,"msg":"Unchanged: \u001b[35mthemes/next/source/images/cc-by-sa.svg\u001b[39m","time":"2016-01-01T03:47:30.626Z","v":0}
{"name":"hexo","hostname":"LYDdeMacBook-Pro.local","pid":651,"level":20,"msg":"Unchanged: \u001b[35mthemes/next/source/images/cc-by.svg\u001b[39m","time":"2016-01-01T03:47:30.627Z","v":0}
{"name":"hexo","hostname":"LYDdeMacBook-Pro.local","pid":651,"level":20,"msg":"Unchanged: \u001b[35mthemes/next/source/images/cc-zero.svg\u001b[39m","time":"2016-01-01T03:47:30.629Z","v":0}
{"name":"hexo","hostname":"LYDdeMacBook-Pro.local","pid":651,"level":20,"msg":"Unchanged: \u001b[35mthemes/next/source/images/loading.gif\u001b[39m","time":"2016-01-01T03:47:30.629Z","v":0}
{"name":"hexo","hostname":"LYDdeMacBook-Pro.local","pid":651,"level":20,"msg":"Unchanged: \u001b[35mthemes/next/source/images/placeholder.gif\u001b[39m","time":"2016-01-01T03:47:30.629Z","v":0}
{"name":"hexo","hostname":"LYDdeMacBook-Pro.local","pid":651,"level":20,"msg":"Unchanged: \u001b[35mthemes/next/source/images/quote-l.svg\u001b[39m","time":"2016-01-01T03:47:30.629Z","v":0}
{"name":"hexo","hostname":"LYDdeMacBook-Pro.local","pid":651,"level":20,"msg":"Unchanged: \u001b[35mthemes/next/source/images/quote-r.svg\u001b[39m","time":"2016-01-01T03:47:30.629Z","v":0}
{"name":"hexo","hostname":"LYDdeMacBook-Pro.local","pid":651,"level":20,"msg":"Unchanged: \u001b[35mthemes/next/source/images/searchicon.png\u001b[39m","time":"2016-01-01T03:47:30.629Z","v":0}
{"name":"hexo","hostname":"LYDdeMacBook-Pro.local","pid":651,"level":20,"msg":"Unchanged: \u001b[35mthemes/next/source/js/bootstrap.js\u001b[39m","time":"2016-01-01T03:47:30.630Z","v":0}
{"name":"hexo","hostname":"LYDdeMacBook-Pro.local","pid":651,"level":20,"msg":"Unchanged: \u001b[35mthemes/next/source/js/fancy-box.js\u001b[39m","time":"2016-01-01T03:47:30.630Z","v":0}
{"name":"hexo","hostname":"LYDdeMacBook-Pro.local","pid":651,"level":20,"msg":"Unchanged: \u001b[35mthemes/next/source/js/bootstrap.scrollspy.js\u001b[39m","time":"2016-01-01T03:47:30.630Z","v":0}
{"name":"hexo","hostname":"LYDdeMacBook-Pro.local","pid":651,"level":20,"msg":"Unchanged: \u001b[35mthemes/next/source/js/helpers.js\u001b[39m","time":"2016-01-01T03:47:30.630Z","v":0}
{"name":"hexo","hostname":"LYDdeMacBook-Pro.local","pid":651,"level":20,"msg":"Unchanged: \u001b[35mthemes/next/source/js/hook-duoshuo.js\u001b[39m","time":"2016-01-01T03:47:30.630Z","v":0}
{"name":"hexo","hostname":"LYDdeMacBook-Pro.local","pid":651,"level":20,"msg":"Unchanged: \u001b[35mthemes/next/source/js/motion.js\u001b[39m","time":"2016-01-01T03:47:30.631Z","v":0}
{"name":"hexo","hostname":"LYDdeMacBook-Pro.local","pid":651,"level":20,"msg":"Unchanged: \u001b[35mthemes/next/source/js/ua-parser.min.js\u001b[39m","time":"2016-01-01T03:47:30.631Z","v":0}
{"name":"hexo","hostname":"LYDdeMacBook-Pro.local","pid":651,"level":20,"msg":"Unchanged: \u001b[35mthemes/next/source/vendors/fancybox/source/blank.gif\u001b[39m","time":"2016-01-01T03:47:30.632Z","v":0}
{"name":"hexo","hostname":"LYDdeMacBook-Pro.local","pid":651,"level":20,"msg":"Unchanged: \u001b[35mthemes/next/source/vendors/fancybox/source/fancybox_loading.gif\u001b[39m","time":"2016-01-01T03:47:30.632Z","v":0}
{"name":"hexo","hostname":"LYDdeMacBook-Pro.local","pid":651,"level":20,"msg":"Unchanged: \u001b[35mthemes/next/source/vendors/fancybox/source/fancybox_overlay.png\u001b[39m","time":"2016-01-01T03:47:30.632Z","v":0}
{"name":"hexo","hostname":"LYDdeMacBook-Pro.local","pid":651,"level":20,"msg":"Unchanged: \u001b[35mthemes/next/source/vendors/fancybox/source/fancybox_loading@2x.gif\u001b[39m","time":"2016-01-01T03:47:30.632Z","v":0}
{"name":"hexo","hostname":"LYDdeMacBook-Pro.local","pid":651,"level":20,"msg":"Unchanged: \u001b[35mthemes/next/source/vendors/fancybox/source/fancybox_sprite.png\u001b[39m","time":"2016-01-01T03:47:30.632Z","v":0}
{"name":"hexo","hostname":"LYDdeMacBook-Pro.local","pid":651,"level":20,"msg":"Unchanged: \u001b[35mthemes/next/source/vendors/fancybox/source/helpers/fancybox_buttons.png\u001b[39m","time":"2016-01-01T03:47:30.632Z","v":0}
{"name":"hexo","hostname":"LYDdeMacBook-Pro.local","pid":651,"level":20,"msg":"Unchanged: \u001b[35mthemes/next/source/vendors/fancybox/source/fancybox_sprite@2x.png\u001b[39m","time":"2016-01-01T03:47:30.633Z","v":0}
{"name":"hexo","hostname":"LYDdeMacBook-Pro.local","pid":651,"level":20,"msg":"Unchanged: \u001b[35mthemes/next/source/vendors/fancybox/source/helpers/jquery.fancybox-buttons.css\u001b[39m","time":"2016-01-01T03:47:30.633Z","v":0}
{"name":"hexo","hostname":"LYDdeMacBook-Pro.local","pid":651,"level":20,"msg":"Unchanged: \u001b[35mthemes/next/source/vendors/fancybox/source/helpers/jquery.fancybox-buttons.js\u001b[39m","time":"2016-01-01T03:47:30.633Z","v":0}
{"name":"hexo","hostname":"LYDdeMacBook-Pro.local","pid":651,"level":20,"msg":"Unchanged: \u001b[35mthemes/next/source/vendors/fancybox/source/helpers/jquery.fancybox-media.js\u001b[39m","time":"2016-01-01T03:47:30.633Z","v":0}
{"name":"hexo","hostname":"LYDdeMacBook-Pro.local","pid":651,"level":20,"msg":"Unchanged: \u001b[35mthemes/next/source/vendors/fancybox/source/helpers/jquery.fancybox-thumbs.css\u001b[39m","time":"2016-01-01T03:47:30.633Z","v":0}
{"name":"hexo","hostname":"LYDdeMacBook-Pro.local","pid":651,"level":20,"msg":"Unchanged: \u001b[35mthemes/next/source/vendors/fancybox/source/helpers/jquery.fancybox-thumbs.js\u001b[39m","time":"2016-01-01T03:47:30.633Z","v":0}
{"name":"hexo","hostname":"LYDdeMacBook-Pro.local","pid":651,"level":20,"msg":"Unchanged: \u001b[35mthemes/next/source/vendors/fancybox/source/jquery.fancybox.css\u001b[39m","time":"2016-01-01T03:47:30.633Z","v":0}
{"name":"hexo","hostname":"LYDdeMacBook-Pro.local","pid":651,"level":20,"msg":"Unchanged: \u001b[35mthemes/next/source/vendors/fastclick/LICENSE\u001b[39m","time":"2016-01-01T03:47:30.633Z","v":0}
{"name":"hexo","hostname":"LYDdeMacBook-Pro.local","pid":651,"level":20,"msg":"Unchanged: \u001b[35mthemes/next/source/vendors/fancybox/source/jquery.fancybox.pack.js\u001b[39m","time":"2016-01-01T03:47:30.633Z","v":0}
{"name":"hexo","hostname":"LYDdeMacBook-Pro.local","pid":651,"level":20,"msg":"Unchanged: \u001b[35mthemes/next/source/vendors/fastclick/README.md\u001b[39m","time":"2016-01-01T03:47:30.633Z","v":0}
{"name":"hexo","hostname":"LYDdeMacBook-Pro.local","pid":651,"level":20,"msg":"Unchanged: \u001b[35mthemes/next/source/vendors/fastclick/bower.json\u001b[39m","time":"2016-01-01T03:47:30.634Z","v":0}
{"name":"hexo","hostname":"LYDdeMacBook-Pro.local","pid":651,"level":20,"msg":"Unchanged: \u001b[35mthemes/next/source/vendors/fancybox/source/jquery.fancybox.js\u001b[39m","time":"2016-01-01T03:47:30.634Z","v":0}
{"name":"hexo","hostname":"LYDdeMacBook-Pro.local","pid":651,"level":20,"msg":"Unchanged: \u001b[35mthemes/next/source/vendors/fastclick/lib/fastclick.min.js\u001b[39m","time":"2016-01-01T03:47:30.634Z","v":0}
{"name":"hexo","hostname":"LYDdeMacBook-Pro.local","pid":651,"level":20,"msg":"Unchanged: \u001b[35mthemes/next/source/vendors/font-awesome/bower.json\u001b[39m","time":"2016-01-01T03:47:30.634Z","v":0}
{"name":"hexo","hostname":"LYDdeMacBook-Pro.local","pid":651,"level":20,"msg":"Unchanged: \u001b[35mthemes/next/source/vendors/font-awesome/HELP-US-OUT.txt\u001b[39m","time":"2016-01-01T03:47:30.634Z","v":0}
{"name":"hexo","hostname":"LYDdeMacBook-Pro.local","pid":651,"level":20,"msg":"Unchanged: \u001b[35mthemes/next/source/vendors/fastclick/lib/fastclick.js\u001b[39m","time":"2016-01-01T03:47:30.634Z","v":0}
{"name":"hexo","hostname":"LYDdeMacBook-Pro.local","pid":651,"level":20,"msg":"Unchanged: \u001b[35mthemes/next/source/vendors/font-awesome/css/font-awesome.css.map\u001b[39m","time":"2016-01-01T03:47:30.634Z","v":0}
{"name":"hexo","hostname":"LYDdeMacBook-Pro.local","pid":651,"level":20,"msg":"Unchanged: \u001b[35mthemes/next/source/vendors/font-awesome/css/font-awesome.css\u001b[39m","time":"2016-01-01T03:47:30.636Z","v":0}
{"name":"hexo","hostname":"LYDdeMacBook-Pro.local","pid":651,"level":20,"msg":"Unchanged: \u001b[35mthemes/next/source/vendors/font-awesome/css/font-awesome.min.css\u001b[39m","time":"2016-01-01T03:47:30.636Z","v":0}
{"name":"hexo","hostname":"LYDdeMacBook-Pro.local","pid":651,"level":20,"msg":"Unchanged: \u001b[35mthemes/next/source/vendors/jquery_lazyload/CONTRIBUTING.md\u001b[39m","time":"2016-01-01T03:47:30.636Z","v":0}
{"name":"hexo","hostname":"LYDdeMacBook-Pro.local","pid":651,"level":20,"msg":"Unchanged: \u001b[35mthemes/next/source/vendors/jquery_lazyload/README.md\u001b[39m","time":"2016-01-01T03:47:30.636Z","v":0}
{"name":"hexo","hostname":"LYDdeMacBook-Pro.local","pid":651,"level":20,"msg":"Unchanged: \u001b[35mthemes/next/source/vendors/jquery_lazyload/bower.json\u001b[39m","time":"2016-01-01T03:47:30.636Z","v":0}
{"name":"hexo","hostname":"LYDdeMacBook-Pro.local","pid":651,"level":20,"msg":"Unchanged: \u001b[35mthemes/next/source/vendors/font-awesome/fonts/fontawesome-webfont.woff2\u001b[39m","time":"2016-01-01T03:47:30.636Z","v":0}
{"name":"hexo","hostname":"LYDdeMacBook-Pro.local","pid":651,"level":20,"msg":"Unchanged: \u001b[35mthemes/next/source/vendors/jquery_lazyload/jquery.scrollstop.js\u001b[39m","time":"2016-01-01T03:47:30.636Z","v":0}
{"name":"hexo","hostname":"LYDdeMacBook-Pro.local","pid":651,"level":20,"msg":"Unchanged: \u001b[35mthemes/next/source/vendors/velocity/bower.json\u001b[39m","time":"2016-01-01T03:47:30.636Z","v":0}
{"name":"hexo","hostname":"LYDdeMacBook-Pro.local","pid":651,"level":20,"msg":"Unchanged: \u001b[35mthemes/next/source/vendors/jquery_lazyload/jquery.lazyload.js\u001b[39m","time":"2016-01-01T03:47:30.636Z","v":0}
{"name":"hexo","hostname":"LYDdeMacBook-Pro.local","pid":651,"level":20,"msg":"Unchanged: \u001b[35mthemes/next/test/helpers.js\u001b[39m","time":"2016-01-01T03:47:30.637Z","v":0}
{"name":"hexo","hostname":"LYDdeMacBook-Pro.local","pid":651,"level":20,"msg":"Unchanged: \u001b[35mthemes/next/source/vendors/velocity/velocity.min.js\u001b[39m","time":"2016-01-01T03:47:30.637Z","v":0}
{"name":"hexo","hostname":"LYDdeMacBook-Pro.local","pid":651,"level":20,"msg":"Unchanged: \u001b[35mthemes/next/source/vendors/velocity/velocity.ui.js\u001b[39m","time":"2016-01-01T03:47:30.637Z","v":0}
{"name":"hexo","hostname":"LYDdeMacBook-Pro.local","pid":651,"level":20,"msg":"Unchanged: \u001b[35mthemes/next/test/intern.js\u001b[39m","time":"2016-01-01T03:47:30.637Z","v":0}
{"name":"hexo","hostname":"LYDdeMacBook-Pro.local","pid":651,"level":20,"msg":"Unchanged: \u001b[35mthemes/next/source/vendors/velocity/velocity.ui.min.js\u001b[39m","time":"2016-01-01T03:47:30.637Z","v":0}
{"name":"hexo","hostname":"LYDdeMacBook-Pro.local","pid":651,"level":20,"msg":"Unchanged: \u001b[35mthemes/next/source/vendors/font-awesome/fonts/fontawesome-webfont.eot\u001b[39m","time":"2016-01-01T03:47:30.642Z","v":0}
{"name":"hexo","hostname":"LYDdeMacBook-Pro.local","pid":651,"level":20,"msg":"Unchanged: \u001b[35mthemes/next/source/vendors/font-awesome/fonts/FontAwesome.otf\u001b[39m","time":"2016-01-01T03:47:30.642Z","v":0}
{"name":"hexo","hostname":"LYDdeMacBook-Pro.local","pid":651,"level":20,"msg":"Unchanged: \u001b[35mthemes/next/source/vendors/font-awesome/fonts/fontawesome-webfont.woff\u001b[39m","time":"2016-01-01T03:47:30.642Z","v":0}
{"name":"hexo","hostname":"LYDdeMacBook-Pro.local","pid":651,"level":20,"msg":"Unchanged: \u001b[35mthemes/next/source/vendors/jquery/index.js\u001b[39m","time":"2016-01-01T03:47:30.643Z","v":0}
{"name":"hexo","hostname":"LYDdeMacBook-Pro.local","pid":651,"level":20,"msg":"Unchanged: \u001b[35mthemes/next/source/vendors/font-awesome/fonts/fontawesome-webfont.ttf\u001b[39m","time":"2016-01-01T03:47:30.646Z","v":0}
{"name":"hexo","hostname":"LYDdeMacBook-Pro.local","pid":651,"level":20,"msg":"Unchanged: \u001b[35mthemes/next/source/vendors/velocity/velocity.js\u001b[39m","time":"2016-01-01T03:47:30.647Z","v":0}
{"name":"hexo","hostname":"LYDdeMacBook-Pro.local","pid":651,"level":20,"msg":"Unchanged: \u001b[35mthemes/next/source/vendors/font-awesome/fonts/fontawesome-webfont.svg\u001b[39m","time":"2016-01-01T03:47:30.648Z","v":0}
{"name":"hexo","hostname":"LYDdeMacBook-Pro.local","pid":651,"level":20,"msg":"Processed: \u001b[35msource/vendors/font-awesome/fonts/fontawesome-webfont.svg\u001b[39m","time":"2016-01-01T03:47:30.653Z","v":0}
{"name":"hexo","hostname":"LYDdeMacBook-Pro.local","pid":651,"level":20,"msg":"Processed: \u001b[35msource/vendors/velocity/velocity.js\u001b[39m","time":"2016-01-01T03:47:30.654Z","v":0}
{"name":"hexo","hostname":"LYDdeMacBook-Pro.local","pid":651,"level":20,"msg":"Processed: \u001b[35msource/vendors/font-awesome/fonts/fontawesome-webfont.ttf\u001b[39m","time":"2016-01-01T03:47:30.654Z","v":0}
{"name":"hexo","hostname":"LYDdeMacBook-Pro.local","pid":651,"level":20,"msg":"Processed: \u001b[35msource/vendors/jquery/index.js\u001b[39m","time":"2016-01-01T03:47:30.654Z","v":0}
{"name":"hexo","hostname":"LYDdeMacBook-Pro.local","pid":651,"level":20,"msg":"Processed: \u001b[35msource/vendors/font-awesome/fonts/fontawesome-webfont.woff\u001b[39m","time":"2016-01-01T03:47:30.655Z","v":0}
{"name":"hexo","hostname":"LYDdeMacBook-Pro.local","pid":651,"level":20,"msg":"Processed: \u001b[35msource/vendors/font-awesome/fonts/FontAwesome.otf\u001b[39m","time":"2016-01-01T03:47:30.655Z","v":0}
{"name":"hexo","hostname":"LYDdeMacBook-Pro.local","pid":651,"level":20,"msg":"Processed: \u001b[35msource/vendors/font-awesome/fonts/fontawesome-webfont.eot\u001b[39m","time":"2016-01-01T03:47:30.655Z","v":0}
{"name":"hexo","hostname":"LYDdeMacBook-Pro.local","pid":651,"level":20,"msg":"Processed: \u001b[35msource/vendors/velocity/velocity.ui.min.js\u001b[39m","time":"2016-01-01T03:47:30.655Z","v":0}
{"name":"hexo","hostname":"LYDdeMacBook-Pro.local","pid":651,"level":20,"msg":"Processed: \u001b[35msource/vendors/velocity/velocity.ui.js\u001b[39m","time":"2016-01-01T03:47:30.656Z","v":0}
{"name":"hexo","hostname":"LYDdeMacBook-Pro.local","pid":651,"level":20,"msg":"Processed: \u001b[35msource/vendors/velocity/velocity.min.js\u001b[39m","time":"2016-01-01T03:47:30.656Z","v":0}
{"name":"hexo","hostname":"LYDdeMacBook-Pro.local","pid":651,"level":20,"msg":"Processed: \u001b[35msource/vendors/jquery_lazyload/jquery.lazyload.js\u001b[39m","time":"2016-01-01T03:47:30.656Z","v":0}
{"name":"hexo","hostname":"LYDdeMacBook-Pro.local","pid":651,"level":20,"msg":"Processed: \u001b[35msource/vendors/velocity/bower.json\u001b[39m","time":"2016-01-01T03:47:30.657Z","v":0}
{"name":"hexo","hostname":"LYDdeMacBook-Pro.local","pid":651,"level":20,"msg":"Processed: \u001b[35msource/vendors/jquery_lazyload/jquery.scrollstop.js\u001b[39m","time":"2016-01-01T03:47:30.657Z","v":0}
{"name":"hexo","hostname":"LYDdeMacBook-Pro.local","pid":651,"level":20,"msg":"Processed: \u001b[35msource/vendors/jquery_lazyload/bower.json\u001b[39m","time":"2016-01-01T03:47:30.658Z","v":0}
{"name":"hexo","hostname":"LYDdeMacBook-Pro.local","pid":651,"level":20,"msg":"Processed: \u001b[35msource/vendors/jquery_lazyload/README.md\u001b[39m","time":"2016-01-01T03:47:30.659Z","v":0}
{"name":"hexo","hostname":"LYDdeMacBook-Pro.local","pid":651,"level":20,"msg":"Processed: \u001b[35msource/vendors/jquery_lazyload/CONTRIBUTING.md\u001b[39m","time":"2016-01-01T03:47:30.660Z","v":0}
{"name":"hexo","hostname":"LYDdeMacBook-Pro.local","pid":651,"level":20,"msg":"Processed: \u001b[35msource/vendors/font-awesome/fonts/fontawesome-webfont.woff2\u001b[39m","time":"2016-01-01T03:47:30.660Z","v":0}
{"name":"hexo","hostname":"LYDdeMacBook-Pro.local","pid":651,"level":20,"msg":"Processed: \u001b[35msource/vendors/font-awesome/css/font-awesome.min.css\u001b[39m","time":"2016-01-01T03:47:30.661Z","v":0}
{"name":"hexo","hostname":"LYDdeMacBook-Pro.local","pid":651,"level":20,"msg":"Processed: \u001b[35msource/vendors/font-awesome/css/font-awesome.css\u001b[39m","time":"2016-01-01T03:47:30.661Z","v":0}
{"name":"hexo","hostname":"LYDdeMacBook-Pro.local","pid":651,"level":20,"msg":"Processed: \u001b[35msource/vendors/font-awesome/css/font-awesome.css.map\u001b[39m","time":"2016-01-01T03:47:30.661Z","v":0}
{"name":"hexo","hostname":"LYDdeMacBook-Pro.local","pid":651,"level":20,"msg":"Processed: \u001b[35msource/vendors/font-awesome/HELP-US-OUT.txt\u001b[39m","time":"2016-01-01T03:47:30.662Z","v":0}
{"name":"hexo","hostname":"LYDdeMacBook-Pro.local","pid":651,"level":20,"msg":"Processed: \u001b[35msource/vendors/font-awesome/bower.json\u001b[39m","time":"2016-01-01T03:47:30.662Z","v":0}
{"name":"hexo","hostname":"LYDdeMacBook-Pro.local","pid":651,"level":20,"msg":"Processed: \u001b[35msource/vendors/fastclick/lib/fastclick.js\u001b[39m","time":"2016-01-01T03:47:30.662Z","v":0}
{"name":"hexo","hostname":"LYDdeMacBook-Pro.local","pid":651,"level":20,"msg":"Processed: \u001b[35msource/vendors/fastclick/lib/fastclick.min.js\u001b[39m","time":"2016-01-01T03:47:30.662Z","v":0}
{"name":"hexo","hostname":"LYDdeMacBook-Pro.local","pid":651,"level":20,"msg":"Processed: \u001b[35msource/vendors/fastclick/bower.json\u001b[39m","time":"2016-01-01T03:47:30.663Z","v":0}
{"name":"hexo","hostname":"LYDdeMacBook-Pro.local","pid":651,"level":20,"msg":"Processed: \u001b[35msource/vendors/fastclick/README.md\u001b[39m","time":"2016-01-01T03:47:30.665Z","v":0}
{"name":"hexo","hostname":"LYDdeMacBook-Pro.local","pid":651,"level":20,"msg":"Processed: \u001b[35msource/vendors/fancybox/source/jquery.fancybox.js\u001b[39m","time":"2016-01-01T03:47:30.665Z","v":0}
{"name":"hexo","hostname":"LYDdeMacBook-Pro.local","pid":651,"level":20,"msg":"Processed: \u001b[35msource/vendors/fancybox/source/jquery.fancybox.pack.js\u001b[39m","time":"2016-01-01T03:47:30.666Z","v":0}
{"name":"hexo","hostname":"LYDdeMacBook-Pro.local","pid":651,"level":20,"msg":"Processed: \u001b[35msource/vendors/fastclick/LICENSE\u001b[39m","time":"2016-01-01T03:47:30.668Z","v":0}
{"name":"hexo","hostname":"LYDdeMacBook-Pro.local","pid":651,"level":20,"msg":"Processed: \u001b[35msource/vendors/fancybox/source/jquery.fancybox.css\u001b[39m","time":"2016-01-01T03:47:30.668Z","v":0}
{"name":"hexo","hostname":"LYDdeMacBook-Pro.local","pid":651,"level":20,"msg":"Processed: \u001b[35msource/vendors/fancybox/source/helpers/jquery.fancybox-thumbs.js\u001b[39m","time":"2016-01-01T03:47:30.669Z","v":0}
{"name":"hexo","hostname":"LYDdeMacBook-Pro.local","pid":651,"level":20,"msg":"Processed: \u001b[35msource/vendors/fancybox/source/helpers/jquery.fancybox-thumbs.css\u001b[39m","time":"2016-01-01T03:47:30.670Z","v":0}
{"name":"hexo","hostname":"LYDdeMacBook-Pro.local","pid":651,"level":20,"msg":"Processed: \u001b[35msource/vendors/fancybox/source/helpers/jquery.fancybox-media.js\u001b[39m","time":"2016-01-01T03:47:30.672Z","v":0}
{"name":"hexo","hostname":"LYDdeMacBook-Pro.local","pid":651,"level":20,"msg":"Processed: \u001b[35msource/vendors/fancybox/source/helpers/jquery.fancybox-buttons.js\u001b[39m","time":"2016-01-01T03:47:30.677Z","v":0}
{"name":"hexo","hostname":"LYDdeMacBook-Pro.local","pid":651,"level":20,"msg":"Processed: \u001b[35msource/vendors/fancybox/source/helpers/jquery.fancybox-buttons.css\u001b[39m","time":"2016-01-01T03:47:30.686Z","v":0}
{"name":"hexo","hostname":"LYDdeMacBook-Pro.local","pid":651,"level":20,"msg":"Processed: \u001b[35msource/vendors/fancybox/source/fancybox_sprite@2x.png\u001b[39m","time":"2016-01-01T03:47:30.686Z","v":0}
{"name":"hexo","hostname":"LYDdeMacBook-Pro.local","pid":651,"level":20,"msg":"Processed: \u001b[35msource/vendors/fancybox/source/helpers/fancybox_buttons.png\u001b[39m","time":"2016-01-01T03:47:30.687Z","v":0}
{"name":"hexo","hostname":"LYDdeMacBook-Pro.local","pid":651,"level":20,"msg":"Processed: \u001b[35msource/vendors/fancybox/source/fancybox_sprite.png\u001b[39m","time":"2016-01-01T03:47:30.688Z","v":0}
{"name":"hexo","hostname":"LYDdeMacBook-Pro.local","pid":651,"level":20,"msg":"Processed: \u001b[35msource/vendors/fancybox/source/fancybox_loading@2x.gif\u001b[39m","time":"2016-01-01T03:47:30.688Z","v":0}
{"name":"hexo","hostname":"LYDdeMacBook-Pro.local","pid":651,"level":20,"msg":"Processed: \u001b[35msource/vendors/fancybox/source/fancybox_overlay.png\u001b[39m","time":"2016-01-01T03:47:30.688Z","v":0}
{"name":"hexo","hostname":"LYDdeMacBook-Pro.local","pid":651,"level":20,"msg":"Processed: \u001b[35msource/vendors/fancybox/source/fancybox_loading.gif\u001b[39m","time":"2016-01-01T03:47:30.689Z","v":0}
{"name":"hexo","hostname":"LYDdeMacBook-Pro.local","pid":651,"level":20,"msg":"Processed: \u001b[35msource/vendors/fancybox/source/blank.gif\u001b[39m","time":"2016-01-01T03:47:30.689Z","v":0}
{"name":"hexo","hostname":"LYDdeMacBook-Pro.local","pid":651,"level":20,"msg":"Processed: \u001b[35msource/js/ua-parser.min.js\u001b[39m","time":"2016-01-01T03:47:30.689Z","v":0}
{"name":"hexo","hostname":"LYDdeMacBook-Pro.local","pid":651,"level":20,"msg":"Processed: \u001b[35msource/js/motion.js\u001b[39m","time":"2016-01-01T03:47:30.689Z","v":0}
{"name":"hexo","hostname":"LYDdeMacBook-Pro.local","pid":651,"level":20,"msg":"Processed: \u001b[35msource/js/hook-duoshuo.js\u001b[39m","time":"2016-01-01T03:47:30.690Z","v":0}
{"name":"hexo","hostname":"LYDdeMacBook-Pro.local","pid":651,"level":20,"msg":"Processed: \u001b[35msource/js/helpers.js\u001b[39m","time":"2016-01-01T03:47:30.690Z","v":0}
{"name":"hexo","hostname":"LYDdeMacBook-Pro.local","pid":651,"level":20,"msg":"Processed: \u001b[35msource/js/fancy-box.js\u001b[39m","time":"2016-01-01T03:47:30.690Z","v":0}
{"name":"hexo","hostname":"LYDdeMacBook-Pro.local","pid":651,"level":20,"msg":"Processed: \u001b[35msource/js/bootstrap.scrollspy.js\u001b[39m","time":"2016-01-01T03:47:30.690Z","v":0}
{"name":"hexo","hostname":"LYDdeMacBook-Pro.local","pid":651,"level":20,"msg":"Processed: \u001b[35msource/js/bootstrap.js\u001b[39m","time":"2016-01-01T03:47:30.691Z","v":0}
{"name":"hexo","hostname":"LYDdeMacBook-Pro.local","pid":651,"level":20,"msg":"Processed: \u001b[35msource/images/searchicon.png\u001b[39m","time":"2016-01-01T03:47:30.691Z","v":0}
{"name":"hexo","hostname":"LYDdeMacBook-Pro.local","pid":651,"level":20,"msg":"Processed: \u001b[35msource/images/quote-r.svg\u001b[39m","time":"2016-01-01T03:47:30.692Z","v":0}
{"name":"hexo","hostname":"LYDdeMacBook-Pro.local","pid":651,"level":20,"msg":"Processed: \u001b[35msource/images/quote-l.svg\u001b[39m","time":"2016-01-01T03:47:30.692Z","v":0}
{"name":"hexo","hostname":"LYDdeMacBook-Pro.local","pid":651,"level":20,"msg":"Processed: \u001b[35msource/images/placeholder.gif\u001b[39m","time":"2016-01-01T03:47:30.692Z","v":0}
{"name":"hexo","hostname":"LYDdeMacBook-Pro.local","pid":651,"level":20,"msg":"Processed: \u001b[35msource/images/loading.gif\u001b[39m","time":"2016-01-01T03:47:30.692Z","v":0}
{"name":"hexo","hostname":"LYDdeMacBook-Pro.local","pid":651,"level":20,"msg":"Processed: \u001b[35msource/images/cc-zero.svg\u001b[39m","time":"2016-01-01T03:47:30.692Z","v":0}
{"name":"hexo","hostname":"LYDdeMacBook-Pro.local","pid":651,"level":20,"msg":"Processed: \u001b[35msource/images/cc-by.svg\u001b[39m","time":"2016-01-01T03:47:30.693Z","v":0}
{"name":"hexo","hostname":"LYDdeMacBook-Pro.local","pid":651,"level":20,"msg":"Processed: \u001b[35msource/images/cc-by-sa.svg\u001b[39m","time":"2016-01-01T03:47:30.693Z","v":0}
{"name":"hexo","hostname":"LYDdeMacBook-Pro.local","pid":651,"level":20,"msg":"Processed: \u001b[35msource/images/cc-by-nd.svg\u001b[39m","time":"2016-01-01T03:47:30.693Z","v":0}
{"name":"hexo","hostname":"LYDdeMacBook-Pro.local","pid":651,"level":20,"msg":"Processed: \u001b[35msource/images/cc-by-nc.svg\u001b[39m","time":"2016-01-01T03:47:30.694Z","v":0}
{"name":"hexo","hostname":"LYDdeMacBook-Pro.local","pid":651,"level":20,"msg":"Processed: \u001b[35msource/images/cc-by-nc-sa.svg\u001b[39m","time":"2016-01-01T03:47:30.694Z","v":0}
{"name":"hexo","hostname":"LYDdeMacBook-Pro.local","pid":651,"level":20,"msg":"Processed: \u001b[35msource/images/cc-by-nc-nd.svg\u001b[39m","time":"2016-01-01T03:47:30.695Z","v":0}
{"name":"hexo","hostname":"LYDdeMacBook-Pro.local","pid":651,"level":20,"msg":"Processed: \u001b[35msource/css/main.styl\u001b[39m","time":"2016-01-01T03:47:30.695Z","v":0}
{"name":"hexo","hostname":"LYDdeMacBook-Pro.local","pid":651,"level":20,"msg":"Processed: \u001b[35mlayout/tag.swig\u001b[39m","time":"2016-01-01T03:47:30.700Z","v":0}
{"name":"hexo","hostname":"LYDdeMacBook-Pro.local","pid":651,"level":20,"msg":"Processed: \u001b[35mlayout/post.swig\u001b[39m","time":"2016-01-01T03:47:30.702Z","v":0}
{"name":"hexo","hostname":"LYDdeMacBook-Pro.local","pid":651,"level":20,"msg":"Processed: \u001b[35mlayout/page.swig\u001b[39m","time":"2016-01-01T03:47:30.703Z","v":0}
{"name":"hexo","hostname":"LYDdeMacBook-Pro.local","pid":651,"level":20,"msg":"Processed: \u001b[35mlayout/index.swig\u001b[39m","time":"2016-01-01T03:47:30.704Z","v":0}
{"name":"hexo","hostname":"LYDdeMacBook-Pro.local","pid":651,"level":20,"msg":"Processed: \u001b[35mlayout/category.swig\u001b[39m","time":"2016-01-01T03:47:30.705Z","v":0}
{"name":"hexo","hostname":"LYDdeMacBook-Pro.local","pid":651,"level":20,"msg":"Processed: \u001b[35mlayout/archive.swig\u001b[39m","time":"2016-01-01T03:47:30.706Z","v":0}
{"name":"hexo","hostname":"LYDdeMacBook-Pro.local","pid":651,"level":20,"msg":"Processed: \u001b[35mlayout/_scripts/tinysou.swig\u001b[39m","time":"2016-01-01T03:47:30.706Z","v":0}
{"name":"hexo","hostname":"LYDdeMacBook-Pro.local","pid":651,"level":20,"msg":"Processed: \u001b[35mlayout/_scripts/pages/post-details.swig\u001b[39m","time":"2016-01-01T03:47:30.708Z","v":0}
{"name":"hexo","hostname":"LYDdeMacBook-Pro.local","pid":651,"level":20,"msg":"Processed: \u001b[35mlayout/_scripts/motion.swig\u001b[39m","time":"2016-01-01T03:47:30.709Z","v":0}
{"name":"hexo","hostname":"LYDdeMacBook-Pro.local","pid":651,"level":20,"msg":"Processed: \u001b[35mlayout/_scripts/mathjax.swig\u001b[39m","time":"2016-01-01T03:47:30.710Z","v":0}
{"name":"hexo","hostname":"LYDdeMacBook-Pro.local","pid":651,"level":20,"msg":"Processed: \u001b[35mlayout/_scripts/helpers.swig\u001b[39m","time":"2016-01-01T03:47:30.711Z","v":0}
{"name":"hexo","hostname":"LYDdeMacBook-Pro.local","pid":651,"level":20,"msg":"Processed: \u001b[35mlayout/_scripts/fancy-box.swig\u001b[39m","time":"2016-01-01T03:47:30.712Z","v":0}
{"name":"hexo","hostname":"LYDdeMacBook-Pro.local","pid":651,"level":20,"msg":"Processed: \u001b[35mlayout/_scripts/comments/duoshuo.swig\u001b[39m","time":"2016-01-01T03:47:30.712Z","v":0}
{"name":"hexo","hostname":"LYDdeMacBook-Pro.local","pid":651,"level":20,"msg":"Processed: \u001b[35mlayout/_scripts/comments/disqus.swig\u001b[39m","time":"2016-01-01T03:47:30.713Z","v":0}
{"name":"hexo","hostname":"LYDdeMacBook-Pro.local","pid":651,"level":20,"msg":"Processed: \u001b[35mlayout/_scripts/bootstrap.scrollspy.swig\u001b[39m","time":"2016-01-01T03:47:30.713Z","v":0}
{"name":"hexo","hostname":"LYDdeMacBook-Pro.local","pid":651,"level":20,"msg":"Processed: \u001b[35mlayout/_scripts/baidushare.swig\u001b[39m","time":"2016-01-01T03:47:30.714Z","v":0}
{"name":"hexo","hostname":"LYDdeMacBook-Pro.local","pid":651,"level":20,"msg":"Processed: \u001b[35mlayout/_scripts/analytics.swig\u001b[39m","time":"2016-01-01T03:47:30.714Z","v":0}
{"name":"hexo","hostname":"LYDdeMacBook-Pro.local","pid":651,"level":20,"msg":"Processed: \u001b[35mlayout/_scripts/analytics/google-analytics.swig\u001b[39m","time":"2016-01-01T03:47:30.715Z","v":0}
{"name":"hexo","hostname":"LYDdeMacBook-Pro.local","pid":651,"level":20,"msg":"Processed: \u001b[35mlayout/_scripts/analytics/facebook-sdk.swig\u001b[39m","time":"2016-01-01T03:47:30.715Z","v":0}
{"name":"hexo","hostname":"LYDdeMacBook-Pro.local","pid":651,"level":20,"msg":"Processed: \u001b[35mlayout/_scripts/analytics/baidu-analytics.swig\u001b[39m","time":"2016-01-01T03:47:30.715Z","v":0}
{"name":"hexo","hostname":"LYDdeMacBook-Pro.local","pid":651,"level":20,"msg":"Processed: \u001b[35mlayout/_partials/share/jiathis.swig\u001b[39m","time":"2016-01-01T03:47:30.716Z","v":0}
{"name":"hexo","hostname":"LYDdeMacBook-Pro.local","pid":651,"level":20,"msg":"Processed: \u001b[35mlayout/_partials/share/duoshuo_share.swig\u001b[39m","time":"2016-01-01T03:47:30.716Z","v":0}
{"name":"hexo","hostname":"LYDdeMacBook-Pro.local","pid":651,"level":20,"msg":"Processed: \u001b[35mlayout/_partials/search.swig\u001b[39m","time":"2016-01-01T03:47:30.717Z","v":0}
{"name":"hexo","hostname":"LYDdeMacBook-Pro.local","pid":651,"level":20,"msg":"Processed: \u001b[35mlayout/_partials/search/tinysou.swig\u001b[39m","time":"2016-01-01T03:47:30.718Z","v":0}
{"name":"hexo","hostname":"LYDdeMacBook-Pro.local","pid":651,"level":20,"msg":"Processed: \u001b[35mlayout/_partials/search/swiftype.swig\u001b[39m","time":"2016-01-01T03:47:30.718Z","v":0}
{"name":"hexo","hostname":"LYDdeMacBook-Pro.local","pid":651,"level":20,"msg":"Processed: \u001b[35mlayout/_partials/pagination.swig\u001b[39m","time":"2016-01-01T03:47:30.719Z","v":0}
{"name":"hexo","hostname":"LYDdeMacBook-Pro.local","pid":651,"level":20,"msg":"Processed: \u001b[35mlayout/_partials/old-browsers.swig\u001b[39m","time":"2016-01-01T03:47:30.721Z","v":0}
{"name":"hexo","hostname":"LYDdeMacBook-Pro.local","pid":651,"level":20,"msg":"Processed: \u001b[35mlayout/_partials/header.swig\u001b[39m","time":"2016-01-01T03:47:30.722Z","v":0}
{"name":"hexo","hostname":"LYDdeMacBook-Pro.local","pid":651,"level":20,"msg":"Processed: \u001b[35mlayout/_partials/head.swig\u001b[39m","time":"2016-01-01T03:47:30.723Z","v":0}
{"name":"hexo","hostname":"LYDdeMacBook-Pro.local","pid":651,"level":20,"msg":"Processed: \u001b[35mlayout/_partials/footer.swig\u001b[39m","time":"2016-01-01T03:47:30.723Z","v":0}
{"name":"hexo","hostname":"LYDdeMacBook-Pro.local","pid":651,"level":20,"msg":"Processed: \u001b[35mlayout/_partials/duoshuo-hot-articles.swig\u001b[39m","time":"2016-01-01T03:47:30.724Z","v":0}
{"name":"hexo","hostname":"LYDdeMacBook-Pro.local","pid":651,"level":20,"msg":"Processed: \u001b[35mlayout/_partials/comments.swig\u001b[39m","time":"2016-01-01T03:47:30.724Z","v":0}
{"name":"hexo","hostname":"LYDdeMacBook-Pro.local","pid":651,"level":20,"msg":"Processed: \u001b[35mlayout/_macro/sidebar.swig\u001b[39m","time":"2016-01-01T03:47:30.726Z","v":0}
{"name":"hexo","hostname":"LYDdeMacBook-Pro.local","pid":651,"level":20,"msg":"Processed: \u001b[35mlayout/_macro/post.swig\u001b[39m","time":"2016-01-01T03:47:30.728Z","v":0}
{"name":"hexo","hostname":"LYDdeMacBook-Pro.local","pid":651,"level":20,"msg":"Processed: \u001b[35mlayout/_macro/post-collapse.swig\u001b[39m","time":"2016-01-01T03:47:30.730Z","v":0}
{"name":"hexo","hostname":"LYDdeMacBook-Pro.local","pid":651,"level":20,"msg":"Processed: \u001b[35mlayout/_layout.swig\u001b[39m","time":"2016-01-01T03:47:30.730Z","v":0}
{"name":"hexo","hostname":"LYDdeMacBook-Pro.local","pid":651,"level":20,"msg":"Processed: \u001b[35mlanguages/zh-tw.yml\u001b[39m","time":"2016-01-01T03:47:30.735Z","v":0}
{"name":"hexo","hostname":"LYDdeMacBook-Pro.local","pid":651,"level":20,"msg":"Processed: \u001b[35mlanguages/zh-hk.yml\u001b[39m","time":"2016-01-01T03:47:30.737Z","v":0}
{"name":"hexo","hostname":"LYDdeMacBook-Pro.local","pid":651,"level":20,"msg":"Processed: \u001b[35mlanguages/zh-Hans.yml\u001b[39m","time":"2016-01-01T03:47:30.741Z","v":0}
{"name":"hexo","hostname":"LYDdeMacBook-Pro.local","pid":651,"level":20,"msg":"Processed: \u001b[35mlanguages/ru.yml\u001b[39m","time":"2016-01-01T03:47:30.744Z","v":0}
{"name":"hexo","hostname":"LYDdeMacBook-Pro.local","pid":651,"level":20,"msg":"Processed: \u001b[35mlanguages/pt.yml\u001b[39m","time":"2016-01-01T03:47:30.745Z","v":0}
{"name":"hexo","hostname":"LYDdeMacBook-Pro.local","pid":651,"level":20,"msg":"Processed: \u001b[35mlanguages/fr-FR.yml\u001b[39m","time":"2016-01-01T03:47:30.746Z","v":0}
{"name":"hexo","hostname":"LYDdeMacBook-Pro.local","pid":651,"level":20,"msg":"Processed: \u001b[35mlanguages/en.yml\u001b[39m","time":"2016-01-01T03:47:30.747Z","v":0}
{"name":"hexo","hostname":"LYDdeMacBook-Pro.local","pid":651,"level":20,"msg":"Processed: \u001b[35mlanguages/default.yml\u001b[39m","time":"2016-01-01T03:47:30.748Z","v":0}
{"name":"hexo","hostname":"LYDdeMacBook-Pro.local","pid":651,"level":20,"msg":"Processed: \u001b[35mlanguages/de.yml\u001b[39m","time":"2016-01-01T03:47:30.749Z","v":0}
{"name":"hexo","hostname":"LYDdeMacBook-Pro.local","pid":651,"level":20,"msg":"Theme config loaded.","time":"2016-01-01T03:47:30.751Z","v":0}
{"name":"hexo","hostname":"LYDdeMacBook-Pro.local","pid":651,"level":20,"msg":"Processed: \u001b[35m_config.yml\u001b[39m","time":"2016-01-01T03:47:30.751Z","v":0}
{"name":"hexo","hostname":"LYDdeMacBook-Pro.local","pid":651,"level":20,"msg":"Generator: \u001b[35mpage\u001b[39m","time":"2016-01-01T03:47:30.997Z","v":0}
{"name":"hexo","hostname":"LYDdeMacBook-Pro.local","pid":651,"level":20,"msg":"Generator: \u001b[35mpost\u001b[39m","time":"2016-01-01T03:47:30.998Z","v":0}
{"name":"hexo","hostname":"LYDdeMacBook-Pro.local","pid":651,"level":20,"msg":"Generator: \u001b[35marchive\u001b[39m","time":"2016-01-01T03:47:30.998Z","v":0}
{"name":"hexo","hostname":"LYDdeMacBook-Pro.local","pid":651,"level":20,"msg":"Generator: \u001b[35mcategory\u001b[39m","time":"2016-01-01T03:47:30.998Z","v":0}
{"name":"hexo","hostname":"LYDdeMacBook-Pro.local","pid":651,"level":20,"msg":"Generator: \u001b[35mindex\u001b[39m","time":"2016-01-01T03:47:30.998Z","v":0}
{"name":"hexo","hostname":"LYDdeMacBook-Pro.local","pid":651,"level":20,"msg":"Generator: \u001b[35mtag\u001b[39m","time":"2016-01-01T03:47:30.998Z","v":0}
{"name":"hexo","hostname":"LYDdeMacBook-Pro.local","pid":651,"level":20,"msg":"Generator: \u001b[35masset\u001b[39m","time":"2016-01-01T03:47:31.001Z","v":0}
{"name":"hexo","hostname":"LYDdeMacBook-Pro.local","pid":651,"level":30,"msg":"Hexo is running at \u001b[4mhttp://0.0.0.0:4000/\u001b[24m. Press Ctrl+C to stop.","time":"2016-01-01T03:47:31.008Z","v":0}
{"name":"hexo","hostname":"LYDdeMacBook-Pro.local","pid":651,"level":20,"msg":"Database saved","time":"2016-01-01T03:47:31.026Z","v":0}
{"name":"hexo","hostname":"LYDdeMacBook-Pro.local","pid":651,"level":20,"msg":"Rendering index: \u001b[35mindex.html\u001b[39m","time":"2016-01-01T03:47:52.341Z","v":0}
{"name":"hexo","hostname":"LYDdeMacBook-Pro.local","pid":651,"level":20,"msg":"Rendering index: \u001b[35mindex.html\u001b[39m","time":"2016-01-01T03:47:52.558Z","v":0}
{"name":"hexo","hostname":"LYDdeMacBook-Pro.local","pid":651,"level":20,"msg":"Rendering index: \u001b[35mindex.html\u001b[39m","time":"2016-01-01T03:47:53.005Z","v":0}
{"name":"hexo","hostname":"LYDdeMacBook-Pro.local","pid":651,"level":20,"msg":"Rendering index: \u001b[35mindex.html\u001b[39m","time":"2016-01-01T03:47:53.514Z","v":0}
{"name":"hexo","hostname":"LYDdeMacBook-Pro.local","pid":651,"level":30,"msg":"Good bye","time":"2016-01-01T03:48:51.802Z","v":0}
{"name":"hexo","hostname":"LYDdeMacBook-Pro.local","pid":651,"level":20,"msg":"Database saved","time":"2016-01-01T03:48:51.821Z","v":0}
